-------------------------------------------------------------------------------
Test set: com.vitalsource.tests.AddDeleteHighLightTest
-------------------------------------------------------------------------------
Tests run: 3, Failures: 1, Errors: 0, Skipped: 0, Time elapsed: 42.006 sec <<< FAILURE! - in com.vitalsource.tests.AddDeleteHighLightTest
deleteHighLight(com.vitalsource.tests.AddDeleteHighLightTest)  Time elapsed: 9.244 sec  <<< FAILURE!
java.lang.AssertionError: expected:<0> but was:<1>
	at com.vitalsource.tests.AddDeleteHighLightTest.checkHighLightsOnPage(AddDeleteHighLightTest.java:56)
	at com.vitalsource.tests.AddDeleteHighLightTest.deleteHighLight(AddDeleteHighLightTest.java:50)

